Using pre-set license
Built from '2020.3/china_unity/release' branch; Version is '2020.3.8f1c1 (0b92326fa640) revision 758322'; Using compiler version '192528614'; Build Type 'Release'
OS: 'Windows 10 Pro; OS build 19042.1083; Version 2009; 64bit' Language: 'zh' Physical Memory: 16295 MB
BatchMode: 1, IsHumanControllingUs: 0, StartBugReporterOnCrash: 0, Is64bit: 1, IsPro: 0

 COMMAND LINE ARGUMENTS:
D:\Unity\2020.3.8f1c1\Editor\Unity.exe
-adb2
-batchMode
-noUpm
-name
AssetImportWorker0
-projectPath
D:/UnityProjects/Eluosi
-logFile
Logs/AssetImportWorker0.log
-srvPort
56854
Successfully changed project path to: D:/UnityProjects/Eluosi
D:/UnityProjects/Eluosi
Using Asset Import Pipeline V2.
Refreshing native plugins compatible for Editor in 38.93 ms, found 1 plugins.
Preloading 0 native plugins for Editor in 0.00 ms.
Initialize engine version: 2020.3.8f1c1 (0b92326fa640)
[Subsystems] Discovering subsystems at path D:/Unity/2020.3.8f1c1/Editor/Data/Resources/UnitySubsystems
[Subsystems] Discovering subsystems at path D:/UnityProjects/Eluosi/Assets
GfxDevice: creating device client; threaded=0
Direct3D:
    Version:  Direct3D 11.0 [level 11.1]
    Renderer: NVIDIA GeForce GTX 1060 6GB (ID=0x1c03)
    Vendor:   
    VRAM:     6052 MB
    Driver:   27.21.14.5671
Initialize mono
Mono path[0] = 'D:/Unity/2020.3.8f1c1/Editor/Data/Managed'
Mono path[1] = 'D:/Unity/2020.3.8f1c1/Editor/Data/MonoBleedingEdge/lib/mono/unityjit'
Mono config path = 'D:/Unity/2020.3.8f1c1/Editor/Data/MonoBleedingEdge/etc'
Using monoOptions --debugger-agent=transport=dt_socket,embedding=1,server=y,suspend=n,address=127.0.0.1:56936
Begin MonoManager ReloadAssembly
Registering precompiled unity dll's ...
Register platform support module: D:/Unity/2020.3.8f1c1/Editor/Data/PlaybackEngines/WebGLSupport/UnityEditor.WebGL.Extensions.dll
Register platform support module: D:/Unity/2020.3.8f1c1/Editor/Data/PlaybackEngines/WindowsStandaloneSupport/UnityEditor.WindowsStandalone.Extensions.dll
Registered in 0.001138 seconds.
Native extension for WindowsStandalone target not found
Native extension for WebGL target not found
Refreshing native plugins compatible for Editor in 33.75 ms, found 1 plugins.
Preloading 0 native plugins for Editor in 0.00 ms.
Mono: successfully reloaded assembly
- Completed reload, in  5.832 seconds
Platform modules already initialized, skipping
Registering precompiled user dll's ...
Registered in 0.004636 seconds.
Begin MonoManager ReloadAssembly
Native extension for WindowsStandalone target not found
Native extension for WebGL target not found
Refreshing native plugins compatible for Editor in 33.58 ms, found 1 plugins.
Preloading 0 native plugins for Editor in 0.00 ms.
Mono: successfully reloaded assembly
- Completed reload, in  0.972 seconds
Platform modules already initialized, skipping
========================================================================
Worker process is ready to serve import requests
Launched and connected shader compiler UnityShaderCompiler.exe after 0.04 seconds
Refreshing native plugins compatible for Editor in 0.44 ms, found 1 plugins.
Preloading 0 native plugins for Editor in 0.00 ms.
Unloading 2100 Unused Serialized files (Serialized files now loaded: 0)
System memory in use before: 93.6 MB.
System memory in use after: 93.7 MB.

Unloading 33 unused Assets to reduce memory usage. Loaded Objects now: 2546.
Total: 2.179500 ms (FindLiveObjects: 0.222900 ms CreateObjectMapping: 0.083100 ms MarkObjects: 1.807300 ms  DeleteObjects: 0.065100 ms)

========================================================================
Received Import Request.
  path: Assets/Fonts/UIsprite/JazzCreateFontUI1024x512.png
  artifactKey: Guid(d61d12d2d79f7244e9f4de798743e099) Importer(815301076,1909f56bfc062723c751e8b465ee728b)
Start importing Assets/Fonts/UIsprite/JazzCreateFontUI1024x512.png using Guid(d61d12d2d79f7244e9f4de798743e099) Importer(815301076,1909f56bfc062723c751e8b465ee728b)  -> (artifact id: '3ef3bb389708b84daef1645ec36eb25c') in 0.167531 seconds
  Import took 0.170515 seconds .

========================================================================
Received Import Request.
  Time since last request: 1.028266 seconds.
  path: Assets/Fonts/UIsprite/JazzCreateFontUI1024x512.png
  artifactKey: Guid(d61d12d2d79f7244e9f4de798743e099) Importer(815301076,1909f56bfc062723c751e8b465ee728b)
Start importing Assets/Fonts/UIsprite/JazzCreateFontUI1024x512.png using Guid(d61d12d2d79f7244e9f4de798743e099) Importer(815301076,1909f56bfc062723c751e8b465ee728b)  -> (artifact id: '703f813c4d4c04b4dd438c2b32c7f3b7') in 0.016533 seconds
  Import took 0.019862 seconds .

========================================================================
Received Import Request.
  Time since last request: 7.704093 seconds.
  path: Assets/Fonts/UIsprite/JazzCreateFontUI1024x512.png
  artifactKey: Guid(d61d12d2d79f7244e9f4de798743e099) Importer(815301076,1909f56bfc062723c751e8b465ee728b)
Start importing Assets/Fonts/UIsprite/JazzCreateFontUI1024x512.png using Guid(d61d12d2d79f7244e9f4de798743e099) Importer(815301076,1909f56bfc062723c751e8b465ee728b)  -> (artifact id: '90b9dab7c6924685f28cfddade6daea7') in 0.015553 seconds
  Import took 0.019450 seconds .

========================================================================
Received Import Request.
  Time since last request: 10.910509 seconds.
  path: Assets/Fonts
  artifactKey: Guid(8325829f057a41d4582a2e8098b15ac3) Importer(815301076,1909f56bfc062723c751e8b465ee728b)
Start importing Assets/Fonts using Guid(8325829f057a41d4582a2e8098b15ac3) Importer(815301076,1909f56bfc062723c751e8b465ee728b)  -> (artifact id: '375da3be2528111e75ed846797aa2f32') in 0.008163 seconds
  Import took 0.011352 seconds .

========================================================================
Received Import Request.
  Time since last request: 15.475568 seconds.
  path: Assets/FruitFace_v1/Textures/ingame_grid_bg_01_b.png
  artifactKey: Guid(58bc30570482d1e4f9faf4906c8d8d5a) Importer(815301076,1909f56bfc062723c751e8b465ee728b)
Start importing Assets/FruitFace_v1/Textures/ingame_grid_bg_01_b.png using Guid(58bc30570482d1e4f9faf4906c8d8d5a) Importer(815301076,1909f56bfc062723c751e8b465ee728b)  -> (artifact id: 'c644f234a56f90ff1d3f894dec11cc4a') in 0.014654 seconds
  Import took 0.017874 seconds .

========================================================================
Received Import Request.
  Time since last request: 3.017803 seconds.
  path: Assets/FruitFace_v1/Textures/ingame_grid_bg_01_b.png
  artifactKey: Guid(58bc30570482d1e4f9faf4906c8d8d5a) Importer(815301076,1909f56bfc062723c751e8b465ee728b)
Start importing Assets/FruitFace_v1/Textures/ingame_grid_bg_01_b.png using Guid(58bc30570482d1e4f9faf4906c8d8d5a) Importer(815301076,1909f56bfc062723c751e8b465ee728b)  -> (artifact id: '3b448f736e10b04a193bfef36a368ad8') in 0.013243 seconds
  Import took 0.017095 seconds .

========================================================================
Received Import Request.
  Time since last request: 128.239087 seconds.
  path: Assets/Game GUI Vol1/LazyDay/PNG
  artifactKey: Guid(566e6e8c9f36d4f35993f7f2303858cc) Importer(815301076,1909f56bfc062723c751e8b465ee728b)
Start importing Assets/Game GUI Vol1/LazyDay/PNG using Guid(566e6e8c9f36d4f35993f7f2303858cc) Importer(815301076,1909f56bfc062723c751e8b465ee728b)  -> (artifact id: '6dcd5533ca24959381392987757f183c') in 0.007966 seconds
  Import took 0.011872 seconds .

========================================================================
Received Import Request.
  Time since last request: 30.511474 seconds.
  path: Assets/Game GUI Vol1/LazyDay/Vector
  artifactKey: Guid(11f160b02b49b4e60ad16abcf078bdf4) Importer(815301076,1909f56bfc062723c751e8b465ee728b)
Start importing Assets/Game GUI Vol1/LazyDay/Vector using Guid(11f160b02b49b4e60ad16abcf078bdf4) Importer(815301076,1909f56bfc062723c751e8b465ee728b)  -> (artifact id: '8aa4782b7fd10036ff7a44fe558d6e63') in 0.006911 seconds
  Import took 0.010439 seconds .

========================================================================
Received Prepare
Refreshing native plugins compatible for Editor in 3.55 ms, found 1 plugins.
Preloading 0 native plugins for Editor in 0.00 ms.
Unloading 19 Unused Serialized files (Serialized files now loaded: 0)
System memory in use before: 55.2 MB.
System memory in use after: 55.3 MB.

Unloading 19 unused Assets to reduce memory usage. Loaded Objects now: 2553.
Total: 2.411100 ms (FindLiveObjects: 0.202600 ms CreateObjectMapping: 0.068600 ms MarkObjects: 2.121200 ms  DeleteObjects: 0.017500 ms)

AssetImportWorkerClient::OnTransportError - code=2 error=End of file
